Traceback (most recent call last):
  File "run.py", line 12, in <module>
    from .correlation import correlation # the custom cost volume layer
ImportError: attempted relative import with no known parent package

During handling of the above exception, another exception occurred:

Traceback (most recent call last):
  File "/home/lei/anaconda3/envs/py37-3/lib/python3.7/site-packages/cupy/__init__.py", line 16, in <module>
    from cupy import _core  # NOQA
  File "/home/lei/anaconda3/envs/py37-3/lib/python3.7/site-packages/cupy/_core/__init__.py", line 1, in <module>
    from cupy._core import core  # NOQA
ImportError: libcusparse.so.10: cannot open shared object file: No such file or directory

The above exception was the direct cause of the following exception:

Traceback (most recent call last):
  File "run.py", line 14, in <module>
    sys.path.insert(0, './correlation'); import correlation # you should consider upgrading python
  File "./correlation/correlation.py", line 3, in <module>
    import cupy
  File "/home/lei/anaconda3/envs/py37-3/lib/python3.7/site-packages/cupy/__init__.py", line 37, in <module>
    raise ImportError(_msg) from e
ImportError: CuPy is not correctly installed.

If you are using wheel distribution (cupy-cudaXX), make sure that the version of CuPy you installed matches with the version of CUDA on your host.
Also, confirm that only one CuPy package is installed:
  $ pip freeze

If you are building CuPy from source, please check your environment, uninstall CuPy and reinstall it with:
  $ pip install cupy --no-cache-dir -vvvv

Check the Installation Guide for details:
  https://docs.cupy.dev/en/latest/install.html

original error: libcusparse.so.10: cannot open shared object file: No such file or directory
